<?xml version="1.0" encoding="UTF-8"?>
<!-- Generated by org.testng.reporters.JUnitXMLReporter -->
<testsuite ignored="0" hostname="DESKTOP-8NB2QI4" failures="1" tests="13" name="Test" time="109.431" errors="0" timestamp="2024-04-16T02:03:56 IST">
  <testcase classname="login.UserRegFunct" name="regfailduetusralrdyexst" time="12.578"/>
  <testcase classname="login.UserRegFunct" name="regfailsdu2invemail" time="11.243"/>
  <testcase classname="login.UserRegFunct" name="regfailsduetomincharatpswd" time="11.52"/>
  <testcase classname="login.UserRegFunct" name="splcharinnamefldregfails" time="10.523"/>
  <testcase classname="login.UserRegFunct" name="succregwithalfld" time="10.878"/>
  <testcase classname="login.LoginFunctionality" name="loginwithvalusrvalpswd" time="5.402"/>
  <testcase classname="login.LoginFunctionality" name="cassnvtyvrfwithlgncredEb" time="9.433"/>
  <testcase classname="login.LoginFunctionality" name="cassnvtyvrfwithlgncred" time="6.229"/>
  <testcase classname="login.LoginFunctionality" name="loginwithinvusrinvpswd" time="5.854"/>
  <testcase classname="login.LoginFunctionality" name="cassnvtyvrfwithlgncredFf" time="5.458">
    <failure type="org.openqa.selenium.NoSuchElementException" message="Unable to locate element: #login\-email
For documentation on this error, please visit: https://www.selenium.dev/documentation/webdriver/troubleshooting/errors#no-such-element-exception
Build info: version: &amp;apos;4.12.1&amp;apos;, revision: &amp;apos;8e34639b11&amp;apos;
System info: os.name: &amp;apos;Windows 11&amp;apos;, os.arch: &amp;apos;amd64&amp;apos;, os.version: &amp;apos;10.0&amp;apos;, java.version: &amp;apos;17.0.5&amp;apos;
Driver info: org.openqa.selenium.firefox.FirefoxDriver
Command: [b7889718-dd67-4d17-b6ea-4692a4fafd06, findElement {using=id, value=login-email}]
Capabilities {acceptInsecureCerts: true, browserName: firefox, browserVersion: 124.0.2, moz:accessibilityChecks: false, moz:buildID: 20240401114208, moz:debuggerAddress: 127.0.0.1:22448, moz:geckodriverVersion: 0.34.0, moz:headless: false, moz:platformVersion: 10.0, moz:processID: 13396, moz:profile: C:\Users\P BASKER\AppData\L..., moz:shutdownTimeout: 60000, moz:webdriverClick: true, moz:windowless: false, pageLoadStrategy: normal, platformName: windows, proxy: Proxy(), se:cdp: ws://127.0.0.1:22448/devtoo..., se:cdpVersion: 85.0, setWindowRect: true, strictFileInteractability: false, timeouts: {implicit: 0, pageLoad: 300000, script: 30000}, unhandledPromptBehavior: dismiss and notify}
Session ID: b7889718-dd67-4d17-b6ea-4692a4fafd06">
      <![CDATA[org.openqa.selenium.NoSuchElementException: Unable to locate element: #login\-email
For documentation on this error, please visit: https://www.selenium.dev/documentation/webdriver/troubleshooting/errors#no-such-element-exception
Build info: version: '4.12.1', revision: '8e34639b11'
System info: os.name: 'Windows 11', os.arch: 'amd64', os.version: '10.0', java.version: '17.0.5'
Driver info: org.openqa.selenium.firefox.FirefoxDriver
Command: [b7889718-dd67-4d17-b6ea-4692a4fafd06, findElement {using=id, value=login-email}]
Capabilities {acceptInsecureCerts: true, browserName: firefox, browserVersion: 124.0.2, moz:accessibilityChecks: false, moz:buildID: 20240401114208, moz:debuggerAddress: 127.0.0.1:22448, moz:geckodriverVersion: 0.34.0, moz:headless: false, moz:platformVersion: 10.0, moz:processID: 13396, moz:profile: C:\Users\P BASKER\AppData\L..., moz:shutdownTimeout: 60000, moz:webdriverClick: true, moz:windowless: false, pageLoadStrategy: normal, platformName: windows, proxy: Proxy(), se:cdp: ws://127.0.0.1:22448/devtoo..., se:cdpVersion: 85.0, setWindowRect: true, strictFileInteractability: false, timeouts: {implicit: 0, pageLoad: 300000, script: 30000}, unhandledPromptBehavior: dismiss and notify}
Session ID: b7889718-dd67-4d17-b6ea-4692a4fafd06
at org.openqa.selenium.remote.codec.w3c.W3CHttpResponseCodec.createException(W3CHttpResponseCodec.java:200)
at org.openqa.selenium.remote.codec.w3c.W3CHttpResponseCodec.decode(W3CHttpResponseCodec.java:133)
at org.openqa.selenium.remote.codec.w3c.W3CHttpResponseCodec.decode(W3CHttpResponseCodec.java:52)
at org.openqa.selenium.remote.HttpCommandExecutor.execute(HttpCommandExecutor.java:191)
at org.openqa.selenium.remote.service.DriverCommandExecutor.invokeExecute(DriverCommandExecutor.java:196)
at org.openqa.selenium.remote.service.DriverCommandExecutor.execute(DriverCommandExecutor.java:171)
at org.openqa.selenium.remote.RemoteWebDriver.execute(RemoteWebDriver.java:602)
at org.openqa.selenium.remote.ElementLocation$ElementFinder$2.findElement(ElementLocation.java:165)
at org.openqa.selenium.remote.ElementLocation.findElement(ElementLocation.java:66)
at org.openqa.selenium.remote.RemoteWebDriver.findElement(RemoteWebDriver.java:359)
at org.openqa.selenium.remote.RemoteWebDriver.findElement(RemoteWebDriver.java:353)
at login.LoginFunctionality.cassnvtyvrfwithlgncredFf(LoginFunctionality.java:114)
at java.base/java.util.ArrayList.forEach(ArrayList.java:1511)
... Removed 32 stack frames]]>
    </failure>
  </testcase> <!-- cassnvtyvrfwithlgncredFf -->
  <testcase classname="login.LoginFunctionality" name="loginwithsplcharinusrpswd" time="8.147"/>
  <testcase classname="login.Forgetpswdfunctionality" name="rstpswdwithregemail" time="6.823"/>
  <testcase classname="login.Forgetpswdfunctionality" name="rstpswdwithunregemail" time="5.262"/>
</testsuite> <!-- Test -->
